MoveUp/app/build/outputs/logs/manifest-merger-debug-report.txt
-- Merging decision tree log ---
manifest
ADDED from src/main/AndroidManifest.xml:2:1-48:12
	package
		ADDED from src/main/AndroidManifest.xml:3:5-33
		INJECTED from src/main/AndroidManifest.xml
		INJECTED from src/main/AndroidManifest.xml
	android:versionName
		ADDED from src/main/AndroidManifest.xml:5:5-30
		INJECTED from src/main/AndroidManifest.xml
		INJECTED from src/main/AndroidManifest.xml
	android:versionCode
		ADDED from src/main/AndroidManifest.xml:4:5-28
		INJECTED from src/main/AndroidManifest.xml
		INJECTED from src/main/AndroidManifest.xml
	xmlns:android
		ADDED from src/main/AndroidManifest.xml:2:11-69
uses-sdk
ADDED from src/main/AndroidManifest.xml:7:5-9:41
MERGED from [com.microsoft.azure:azure-mobile-android:3.2.0] AndroidManifest.xml:7:5-9:41
MERGED from [com.android.support.constraint:constraint-layout:1.0.2] AndroidManifest.xml:5:5-7:41
	android:targetSdkVersion
		ADDED from src/main/AndroidManifest.xml:9:9-38
		INJECTED from src/main/AndroidManifest.xml
		INJECTED from src/main/AndroidManifest.xml
	android:minSdkVersion
		ADDED from src/main/AndroidManifest.xml:8:9-34
		INJECTED from src/main/AndroidManifest.xml
		INJECTED from src/main/AndroidManifest.xml
uses-permission#android.permission.INTERNET
ADDED from src/main/AndroidManifest.xml:11:5-67
	android:name
		ADDED from src/main/AndroidManifest.xml:11:22-64
uses-permission#android.permission.WRITE_EXTERNAL_STORAGE
ADDED from src/main/AndroidManifest.xml:12:5-81
	android:name
		ADDED from src/main/AndroidManifest.xml:12:22-78
uses-permission#android.permission.READ_PHONE_STATE
ADDED from src/main/AndroidManifest.xml:13:5-75
	android:name
		ADDED from src/main/AndroidManifest.xml:13:22-72
uses-permission#android.permission.READ_EXTERNAL_STORAGE
ADDED from src/main/AndroidManifest.xml:14:5-80
	android:name
		ADDED from src/main/AndroidManifest.xml:14:22-77
application
ADDED from src/main/AndroidManifest.xml:16:5-46:19
MERGED from [com.microsoft.azure:azure-mobile-android:3.2.0] AndroidManifest.xml:11:5-31:19
MERGED from [com.android.support.constraint:constraint-layout:1.0.2] AndroidManifest.xml:9:5-20
	android:label
		ADDED from src/main/AndroidManifest.xml:19:9-41
	android:allowBackup
		ADDED from src/main/AndroidManifest.xml:17:9-35
	android:icon
		ADDED from src/main/AndroidManifest.xml:18:9-49
	android:theme
		ADDED from src/main/AndroidManifest.xml:20:9-40
activity#com.example.moveup.MainActivity
ADDED from src/main/AndroidManifest.xml:21:9-29:20
	android:label
		ADDED from src/main/AndroidManifest.xml:23:13-45
	android:name
		ADDED from src/main/AndroidManifest.xml:22:13-41
intent-filter#android.intent.action.MAIN+android.intent.category.LAUNCHER
ADDED from src/main/AndroidManifest.xml:24:13-28:29
action#android.intent.action.MAIN
ADDED from src/main/AndroidManifest.xml:25:17-69
	android:name
		ADDED from src/main/AndroidManifest.xml:25:25-66
category#android.intent.category.LAUNCHER
ADDED from src/main/AndroidManifest.xml:27:17-77
	android:name
		ADDED from src/main/AndroidManifest.xml:27:27-74
activity#com.example.moveup.Register
ADDED from src/main/AndroidManifest.xml:30:9-46
	android:name
		ADDED from src/main/AndroidManifest.xml:30:19-43
activity#com.example.moveup.Login
ADDED from src/main/AndroidManifest.xml:31:9-43
	android:name
		ADDED from src/main/AndroidManifest.xml:31:19-40
activity#com.example.moveup.MainInterface
ADDED from src/main/AndroidManifest.xml:32:9-51
	android:name
		ADDED from src/main/AndroidManifest.xml:32:19-48
activity#com.example.moveup.LoseWeight
ADDED from src/main/AndroidManifest.xml:33:9-48
	android:name
		ADDED from src/main/AndroidManifest.xml:33:19-45
activity#com.example.moveup.Yoga
ADDED from src/main/AndroidManifest.xml:34:9-42
	android:name
		ADDED from src/main/AndroidManifest.xml:34:19-39
activity#com.example.moveup.Stretch
ADDED from src/main/AndroidManifest.xml:35:9-45
	android:name
		ADDED from src/main/AndroidManifest.xml:35:19-42
activity#com.example.moveup.Strength
ADDED from src/main/AndroidManifest.xml:36:9-46
	android:name
		ADDED from src/main/AndroidManifest.xml:36:19-43
service#com.example.moveup.TimerService
ADDED from src/main/AndroidManifest.xml:38:9-40:40
	android:exported
		ADDED from src/main/AndroidManifest.xml:40:13-37
	android:name
		ADDED from src/main/AndroidManifest.xml:39:13-41
activity#com.example.moveup.Me
ADDED from src/main/AndroidManifest.xml:42:9-40
	android:name
		ADDED from src/main/AndroidManifest.xml:42:19-37
activity#com.example.moveup.Suggestion
ADDED from src/main/AndroidManifest.xml:43:9-45:74
	android:label
		ADDED from src/main/AndroidManifest.xml:45:13-62
	android:name
		ADDED from src/main/AndroidManifest.xml:44:13-39
activity#com.microsoft.windowsazure.mobileservices.authentication.RedirectUrlActivity
ADDED from [com.microsoft.azure:azure-mobile-android:3.2.0] AndroidManifest.xml:12:9-23:20
	android:exported
		ADDED from [com.microsoft.azure:azure-mobile-android:3.2.0] AndroidManifest.xml:14:13-36
	android:name
		ADDED from [com.microsoft.azure:azure-mobile-android:3.2.0] AndroidManifest.xml:13:13-104
intent-filter#android.intent.action.VIEW+android.intent.category.BROWSABLE+android.intent.category.DEFAULT
ADDED from [com.microsoft.azure:azure-mobile-android:3.2.0] AndroidManifest.xml:15:13-22:29
action#android.intent.action.VIEW
ADDED from [com.microsoft.azure:azure-mobile-android:3.2.0] AndroidManifest.xml:16:17-69
	android:name
		ADDED from [com.microsoft.azure:azure-mobile-android:3.2.0] AndroidManifest.xml:16:25-66
category#android.intent.category.DEFAULT
ADDED from [com.microsoft.azure:azure-mobile-android:3.2.0] AndroidManifest.xml:18:17-76
	android:name
		ADDED from [com.microsoft.azure:azure-mobile-android:3.2.0] AndroidManifest.xml:18:27-73
category#android.intent.category.BROWSABLE
ADDED from [com.microsoft.azure:azure-mobile-android:3.2.0] AndroidManifest.xml:19:17-78
	android:name
		ADDED from [com.microsoft.azure:azure-mobile-android:3.2.0] AndroidManifest.xml:19:27-75
data
ADDED from [com.microsoft.azure:azure-mobile-android:3.2.0] AndroidManifest.xml:21:17-43
	android:scheme
		ADDED from [com.microsoft.azure:azure-mobile-android:3.2.0] AndroidManifest.xml:21:23-40
activity#com.microsoft.windowsazure.mobileservices.authentication.CustomTabsIntermediateActivity
ADDED from [com.microsoft.azure:azure-mobile-android:3.2.0] AndroidManifest.xml:24:9-26:40
	android:exported
		ADDED from [com.microsoft.azure:azure-mobile-android:3.2.0] AndroidManifest.xml:26:13-37
	android:name
		ADDED from [com.microsoft.azure:azure-mobile-android:3.2.0] AndroidManifest.xml:25:13-115
activity#com.microsoft.windowsazure.mobileservices.authentication.CustomTabsLoginActivity
ADDED from [com.microsoft.azure:azure-mobile-android:3.2.0] AndroidManifest.xml:27:9-30:47
	android:launchMode
		ADDED from [com.microsoft.azure:azure-mobile-android:3.2.0] AndroidManifest.xml:30:13-44
	android:exported
		ADDED from [com.microsoft.azure:azure-mobile-android:3.2.0] AndroidManifest.xml:29:13-37
	android:name
		ADDED from [com.microsoft.azure:azure-mobile-android:3.2.0] AndroidManifest.xml:28:13-108